<?xml version="1.0" encoding="UTF-8"?>
<!-- Generated by org.testng.reporters.JUnitReportReporter -->
<testsuite hostname="DESKTOP-6R86IG7" failures="0" tests="1" name="com.sample.crud.withBDDTest.SampleTestForCompleteUpdateTest" time="3.066" errors="0" timestamp="2024-06-21T14:46:12 IST" skipped="0">
  <testcase classname="com.sample.crud.withBDDTest.SampleTestForCompleteUpdateTest" name="putDataToServer" time="3.066"/>
</testsuite> <!-- com.sample.crud.withBDDTest.SampleTestForCompleteUpdateTest -->
