<?xml version="1.0" encoding="UTF-8"?>
<!-- Generated by org.testng.reporters.JUnitReportReporter -->
<testsuite hostname="DESKTOP-6R86IG7" failures="0" tests="1" name="PracticeResponseValidation.VerifyDataComplexJSONXPathForDynamicResponsePayload" time="4.334" errors="0" timestamp="2024-06-24T14:34:46 IST" skipped="0">
  <testcase classname="PracticeResponseValidation.VerifyDataComplexJSONXPathForDynamicResponsePayload" name="SampleTest" time="4.334"/>
</testsuite> <!-- PracticeResponseValidation.VerifyDataComplexJSONXPathForDynamicResponsePayload -->
