<?xml version="1.0" encoding="UTF-8"?>
<!-- Generated by org.testng.reporters.JUnitReportReporter -->
<testsuite hostname="DESKTOP-6R86IG7" failures="0" tests="1" name="practice.PostRequestTypes.PostReq_via_HashmapTest" time="4.129" errors="0" timestamp="2024-06-22T15:17:46 IST" skipped="0">
  <testcase classname="practice.PostRequestTypes.PostReq_via_HashmapTest" name="postDataToServer" time="4.129"/>
</testsuite> <!-- practice.PostRequestTypes.PostReq_via_HashmapTest -->
