<?xml version="1.0" encoding="UTF-8"?>
<!-- Generated by org.testng.reporters.JUnitReportReporter -->
<testsuite hostname="DESKTOP-6R86IG7" failures="0" tests="1" name="RequestChaining.Scenario_1_DeleteProject" time="5.025" errors="0" timestamp="2024-06-24T15:50:51 IST" skipped="0">
  <testcase classname="RequestChaining.Scenario_1_DeleteProject" name="postDataToServer" time="5.025"/>
</testsuite> <!-- RequestChaining.Scenario_1_DeleteProject -->
