<?xml version="1.0" encoding="UTF-8"?>
<!-- Generated by org.testng.reporters.JUnitReportReporter -->
<testsuite hostname="DESKTOP-6R86IG7" failures="0" tests="1" name="Encryption.UpdatePayRollInfoViaAESEncryption" time="6.622" errors="0" timestamp="2025-01-15T18:10:53 IST" skipped="0">
  <testcase classname="Encryption.UpdatePayRollInfoViaAESEncryption" name="sampleTest" time="6.622"/>
</testsuite> <!-- Encryption.UpdatePayRollInfoViaAESEncryption -->
