<?xml version="1.0" encoding="UTF-8"?>
<!-- Generated by org.testng.reporters.JUnitReportReporter -->
<testsuite hostname="DESKTOP-6R86IG7" failures="0" tests="1" name="AuthTest.Auth2_0_Test" time="4.857" errors="0" timestamp="2024-06-25T14:29:45 IST" skipped="0">
  <testcase classname="AuthTest.Auth2_0_Test" name="sampleTest" time="4.857"/>
</testsuite> <!-- AuthTest.Auth2_0_Test -->
