<?xml version="1.0" encoding="UTF-8"?>
<!-- Generated by org.testng.reporters.JUnitReportReporter -->
<testsuite hostname="DESKTOP-6R86IG7" failures="0" tests="1" name="practice.Run" time="0.020" errors="0" timestamp="2024-06-20T09:50:58 IST" skipped="0">
  <testcase classname="practice.Run" name="sampleTest" time="0.020"/>
</testsuite> <!-- practice.Run -->
