<?xml version="1.0" encoding="UTF-8"?>
<!-- Generated by org.testng.reporters.JUnitReportReporter -->
<testsuite hostname="DESKTOP-6R86IG7" failures="0" tests="1" name="practice.Run1" time="0.027" errors="0" timestamp="2024-06-20T09:00:51 IST" skipped="0">
  <testcase classname="practice.Run1" name="sampletest" time="0.027"/>
</testsuite> <!-- practice.Run1 -->
