<?xml version="1.0" encoding="UTF-8"?>
<!-- Generated by org.testng.reporters.JUnitReportReporter -->
<testsuite hostname="DESKTOP-6R86IG7" failures="0" tests="1" name="PracticeResponseValidation.VerifyDataComplexJSONPath" time="3.761" errors="0" timestamp="2024-06-24T14:19:21 IST" skipped="0">
  <testcase classname="PracticeResponseValidation.VerifyDataComplexJSONPath" name="SampleTest" time="3.761"/>
</testsuite> <!-- PracticeResponseValidation.VerifyDataComplexJSONPath -->
