<?xml version="1.0" encoding="UTF-8"?>
<!-- Generated by org.testng.reporters.JUnitReportReporter -->
<testsuite hostname="DESKTOP-6R86IG7" failures="0" tests="1" name="Encryption.API_EncodeTest" time="3.042" errors="0" timestamp="2024-06-25T15:30:25 IST" skipped="0">
  <testcase classname="Encryption.API_EncodeTest" name="sampleTest" time="3.042"/>
</testsuite> <!-- Encryption.API_EncodeTest -->
