<?xml version="1.0" encoding="UTF-8"?>
<!-- Generated by org.testng.reporters.JUnitReportReporter -->
<testsuite hostname="DESKTOP-6R86IG7" failures="0" tests="1" name="com.sample.crud.withoutBDD.SampleTestForCompleteUpdateTest" time="3.220" errors="0" timestamp="2024-06-21T12:39:20 IST" skipped="0">
  <testcase classname="com.sample.crud.withoutBDD.SampleTestForCompleteUpdateTest" name="putDataToServer" time="3.220"/>
</testsuite> <!-- com.sample.crud.withoutBDD.SampleTestForCompleteUpdateTest -->
