<?xml version="1.0" encoding="UTF-8"?>
<!-- Generated by org.testng.reporters.JUnitReportReporter -->
<testsuite hostname="DESKTOP-6R86IG7" failures="0" tests="1" name="com.sample.crud.withBDDTest.SampleTestForPartialUpdateTest" time="3.366" errors="0" timestamp="2024-06-21T14:46:28 IST" skipped="0">
  <testcase classname="com.sample.crud.withBDDTest.SampleTestForPartialUpdateTest" name="patchDataToServer" time="3.366"/>
</testsuite> <!-- com.sample.crud.withBDDTest.SampleTestForPartialUpdateTest -->
