<?xml version="1.0" encoding="UTF-8"?>
<!-- Generated by org.testng.reporters.JUnitReportReporter -->
<testsuite hostname="DESKTOP-6R86IG7" failures="0" tests="1" name="com.sample.crud.withoutBDD.SampleTestForRead" time="3.131" errors="0" timestamp="2024-06-21T12:37:27 IST" skipped="0">
  <testcase classname="com.sample.crud.withoutBDD.SampleTestForRead" name="getDataFromServer" time="3.131"/>
</testsuite> <!-- com.sample.crud.withoutBDD.SampleTestForRead -->
