<?xml version="1.0" encoding="UTF-8"?>
<!-- Generated by org.testng.reporters.JUnitReportReporter -->
<testsuite hostname="DESKTOP-6R86IG7" failures="0" tests="1" name="Encryption.AESEncryptionTest" time="0.109" errors="0" timestamp="2024-06-26T15:41:24 IST" skipped="0">
  <testcase classname="Encryption.AESEncryptionTest" name="sampleTes1t" time="0.109"/>
</testsuite> <!-- Encryption.AESEncryptionTest -->
