<?xml version="1.0" encoding="UTF-8"?>
<!-- Generated by org.testng.reporters.JUnitReportReporter -->
<testsuite hostname="DESKTOP-6R86IG7" failures="0" tests="1" name="com.sample.crud.withoutBDD.SampleTestForDeleteTest" time="3.092" errors="0" timestamp="2024-06-21T12:40:15 IST" skipped="0">
  <testcase classname="com.sample.crud.withoutBDD.SampleTestForDeleteTest" name="deleteDataFromServer" time="3.092"/>
</testsuite> <!-- com.sample.crud.withoutBDD.SampleTestForDeleteTest -->
