<?xml version="1.0" encoding="UTF-8"?>
<!-- Generated by org.testng.reporters.JUnitReportReporter -->
<testsuite hostname="DESKTOP-6R86IG7" failures="0" tests="10" name="DDT.AddMultipleProjectTest" time="3.988" errors="0" timestamp="2024-06-27T17:59:50 IST" skipped="0">
  <testcase classname="DDT.AddMultipleProjectTest" name="sampleTest" time="0.038"/>
  <testcase classname="DDT.AddMultipleProjectTest" name="sampleTest" time="0.087"/>
  <testcase classname="DDT.AddMultipleProjectTest" name="sampleTest" time="0.042"/>
  <testcase classname="DDT.AddMultipleProjectTest" name="sampleTest" time="0.060"/>
  <testcase classname="DDT.AddMultipleProjectTest" name="sampleTest" time="0.065"/>
  <testcase classname="DDT.AddMultipleProjectTest" name="sampleTest" time="0.047"/>
  <testcase classname="DDT.AddMultipleProjectTest" name="sampleTest" time="0.057"/>
  <testcase classname="DDT.AddMultipleProjectTest" name="sampleTest" time="0.041"/>
  <testcase classname="DDT.AddMultipleProjectTest" name="sampleTest" time="0.038"/>
  <testcase classname="DDT.AddMultipleProjectTest" name="sampleTest" time="3.513"/>
</testsuite> <!-- DDT.AddMultipleProjectTest -->
