<?xml version="1.0" encoding="UTF-8"?>
<!-- Generated by org.testng.reporters.JUnitReportReporter -->
<testsuite hostname="DESKTOP-6R86IG7" failures="0" tests="1" name="PracticeResponseValidation.VerifyResponseHeaderTest" time="3.371" errors="0" timestamp="2024-06-24T10:37:38 IST" skipped="0">
  <testcase classname="PracticeResponseValidation.VerifyResponseHeaderTest" name="verifyHeader" time="3.371"/>
</testsuite> <!-- PracticeResponseValidation.VerifyResponseHeaderTest -->
