<?xml version="1.0" encoding="UTF-8"?>
<!-- Generated by org.testng.reporters.JUnitReportReporter -->
<testsuite hostname="DESKTOP-6R86IG7" failures="0" tests="1" name="TypesOfParameter.QueryParameterTest" time="5.580" errors="0" timestamp="2024-07-04T08:59:41 IST" skipped="0">
  <testcase classname="TypesOfParameter.QueryParameterTest" name="sampleTest" time="5.580"/>
</testsuite> <!-- TypesOfParameter.QueryParameterTest -->
