<?xml version="1.0" encoding="UTF-8"?>
<!-- Generated by org.testng.reporters.JUnitReportReporter -->
<testsuite hostname="DESKTOP-6R86IG7" failures="0" tests="1" name="pack.SampleTest" time="3.638" errors="0" timestamp="2024-06-19T18:36:55 IST" skipped="0">
  <testcase classname="pack.SampleTest" name="sampleGetReqTest" time="3.638"/>
</testsuite> <!-- pack.SampleTest -->
