<?xml version="1.0" encoding="UTF-8"?>
<!-- Generated by org.testng.reporters.JUnitReportReporter -->
<testsuite hostname="DESKTOP-6R86IG7" failures="0" tests="1" name="practice.SampleTestUsingMtdChainingTest" time="3.453" errors="0" timestamp="2024-06-20T10:28:23 IST" skipped="0">
  <testcase classname="practice.SampleTestUsingMtdChainingTest" name="getRequestTest" time="3.453"/>
</testsuite> <!-- practice.SampleTestUsingMtdChainingTest -->
