<?xml version="1.0" encoding="UTF-8"?>
<!-- Generated by org.testng.reporters.JUnitReportReporter -->
<testsuite hostname="DESKTOP-6R86IG7" failures="0" tests="1" name="practice.PostRequestTypes.PostReq_via_JSONFileTest" time="3.136" errors="0" timestamp="2024-06-22T15:29:31 IST" skipped="0">
  <testcase classname="practice.PostRequestTypes.PostReq_via_JSONFileTest" name="postDataToServer" time="3.136"/>
</testsuite> <!-- practice.PostRequestTypes.PostReq_via_JSONFileTest -->
