<?xml version="1.0" encoding="UTF-8"?>
<!-- Generated by org.testng.reporters.JUnitReportReporter -->
<testsuite hostname="DESKTOP-6R86IG7" failures="0" tests="1" name="RequestChaining.Scenario_2_AddEmployToProject" time="5.301" errors="0" timestamp="2024-06-28T12:46:19 IST" skipped="0">
  <testcase classname="RequestChaining.Scenario_2_AddEmployToProject" name="sampleTest" time="5.301"/>
</testsuite> <!-- RequestChaining.Scenario_2_AddEmployToProject -->
