<?xml version="1.0" encoding="UTF-8"?>
<!-- Generated by org.testng.reporters.JUnitReportReporter -->
<testsuite hostname="DESKTOP-6R86IG7" failures="0" tests="1" name="panCardMock.PaymentTest" time="4.688" errors="0" timestamp="2024-07-01T13:20:28 IST" skipped="0">
  <testcase classname="panCardMock.PaymentTest" name="sampleTest" time="4.688"/>
</testsuite> <!-- panCardMock.PaymentTest -->
