<?xml version="1.0" encoding="UTF-8"?>
<!-- Generated by org.testng.reporters.JUnitReportReporter -->
<testsuite hostname="DESKTOP-6R86IG7" failures="0" tests="1" name="RequestChaining.Scenario_3_getPayrollInfo" time="5.899" errors="0" timestamp="2024-06-28T12:49:38 IST" skipped="0">
  <testcase classname="RequestChaining.Scenario_3_getPayrollInfo" name="sampleTest" time="5.899"/>
</testsuite> <!-- RequestChaining.Scenario_3_getPayrollInfo -->
