<?xml version="1.0" encoding="UTF-8"?>
<!-- Generated by org.testng.reporters.JUnitReportReporter -->
<testsuite hostname="DESKTOP-6R86IG7" failures="0" tests="1" name="TypesOfParameter.PathParameterTest" time="3.236" errors="0" timestamp="2024-06-25T10:32:50 IST" skipped="0">
  <testcase classname="TypesOfParameter.PathParameterTest" name="sampleTest" time="3.236"/>
</testsuite> <!-- TypesOfParameter.PathParameterTest -->
