<?xml version="1.0" encoding="UTF-8"?>
<!-- Generated by org.testng.reporters.JUnitReportReporter -->
<testsuite hostname="DESKTOP-6R86IG7" failures="0" tests="1" name="TypesOfParameter.FormParameterTest" time="3.055" errors="0" timestamp="2024-06-25T10:24:30 IST" skipped="0">
  <testcase classname="TypesOfParameter.FormParameterTest" name="sampleTest" time="3.055"/>
</testsuite> <!-- TypesOfParameter.FormParameterTest -->
