<?xml version="1.0" encoding="UTF-8"?>
<!-- Generated by org.testng.reporters.JUnitReportReporter -->
<testsuite hostname="DESKTOP-6R86IG7" failures="0" tests="1" name="TypesOfParameter.ParamParameterTest" time="3.305" errors="0" timestamp="2024-06-25T10:27:36 IST" skipped="0">
  <testcase classname="TypesOfParameter.ParamParameterTest" name="sampleTest" time="3.305"/>
</testsuite> <!-- TypesOfParameter.ParamParameterTest -->
