<?xml version="1.0" encoding="UTF-8"?>
<!-- Generated by org.testng.reporters.JUnitReportReporter -->
<testsuite hostname="DESKTOP-6R86IG7" failures="0" tests="1" name="AuthTest.BasicAuthTest" time="3.299" errors="0" timestamp="2024-06-25T12:19:06 IST" skipped="0">
  <testcase classname="AuthTest.BasicAuthTest" name="sampleTest" time="3.299"/>
</testsuite> <!-- AuthTest.BasicAuthTest -->
