<?xml version="1.0" encoding="UTF-8"?>
<!-- Generated by org.testng.reporters.JUnitReportReporter -->
<testsuite hostname="DESKTOP-6R86IG7" failures="0" tests="1" name="com.sample.crud.withBDDTest.SampleTestForCreateTest" time="3.888" errors="0" timestamp="2024-07-03T18:23:39 IST" skipped="0">
  <testcase classname="com.sample.crud.withBDDTest.SampleTestForCreateTest" name="postDataToServer" time="3.888"/>
</testsuite> <!-- com.sample.crud.withBDDTest.SampleTestForCreateTest -->
