<?xml version="1.0" encoding="UTF-8"?>
<!-- Generated by org.testng.reporters.JUnitReportReporter -->
<testsuite hostname="DESKTOP-6R86IG7" failures="0" tests="2" name="com.ninza.hrm.api.employeeTest.EmployeeTest2" time="0.424" errors="0" timestamp="2024-07-02T18:47:29 IST" skipped="0">
  <testcase classname="com.ninza.hrm.api.employeeTest.EmployeeTest2" name="addEmployeeTest" time="0.291"/>
  <testcase classname="com.ninza.hrm.api.employeeTest.EmployeeTest2" name="addEmployeeWithoutEmailTest" time="0.133"/>
</testsuite> <!-- com.ninza.hrm.api.employeeTest.EmployeeTest2 -->
