<?xml version="1.0" encoding="UTF-8"?>
<!-- Generated by org.testng.reporters.JUnitReportReporter -->
<testsuite hostname="DESKTOP-6R86IG7" failures="0" tests="2" name="com.ninza.hrm.api.projectTest.ProjectTest" time="6.265" errors="0" timestamp="2024-07-01T18:09:12 IST" skipped="0">
  <testcase classname="com.ninza.hrm.api.projectTest.ProjectTest" name="createDuplicateProjectTest" time="0.052"/>
  <testcase classname="com.ninza.hrm.api.projectTest.ProjectTest" name="addSingleProjectWithCreatedTest" time="6.213"/>
</testsuite> <!-- com.ninza.hrm.api.projectTest.ProjectTest -->
