<?xml version="1.0" encoding="UTF-8"?>
<!-- Generated by org.testng.reporters.JUnitReportReporter -->
<testsuite hostname="DESKTOP-6R86IG7" failures="0" tests="1" name="com.ninza.hrm.api.employeeTest.EmployeeTest" time="24.938" errors="0" timestamp="2024-08-13T13:13:58 IST" skipped="0">
  <testcase classname="com.ninza.hrm.api.employeeTest.EmployeeTest" name="addEmployeeTest" time="24.938"/>
</testsuite> <!-- com.ninza.hrm.api.employeeTest.EmployeeTest -->
