<?xml version="1.0" encoding="UTF-8"?>
<!-- Generated by org.testng.reporters.JUnitReportReporter -->
<testsuite hostname="DESKTOP-6R86IG7" failures="0" tests="2" name="com.ninza.hrm.api.projectTest.ProjectTest2" time="4.221" errors="0" timestamp="2024-07-03T14:23:53 IST" skipped="0">
  <testcase classname="com.ninza.hrm.api.projectTest.ProjectTest2" name="createDuplicateProjectTest" time="0.059"/>
  <testcase classname="com.ninza.hrm.api.projectTest.ProjectTest2" name="addSingleProjectWithCreatedTest" time="4.162"/>
</testsuite> <!-- com.ninza.hrm.api.projectTest.ProjectTest2 -->
